<?xml version="1.0" encoding="UTF-8"?><testrun name="ApiBackApplicationTests" project="ApiBack" tests="1" started="1" failures="1" errors="0" ignored="0">
  <testsuite name="com.example.ApiBack.ApiBackApplicationTests" time="1.288" displayname="ApiBackApplicationTests" uniqueid="[engine:junit-jupiter]/[class:com.example.ApiBack.ApiBackApplicationTests]">
    <testcase name="testSavefav" classname="com.example.ApiBack.ApiBackApplicationTests" time="1.288" displayname="testSavefav()" uniqueid="[engine:junit-jupiter]/[class:com.example.ApiBack.ApiBackApplicationTests]/[method:testSavefav()]">
      <failure>java.lang.AssertionError&#13;
	at org.junit.Assert.fail(Assert.java:87)&#13;
	at org.junit.Assert.assertTrue(Assert.java:42)&#13;
	at org.junit.Assert.assertTrue(Assert.java:53)&#13;
	at com.example.ApiBack.ApiBackApplicationTests.testSavefav(ApiBackApplicationTests.java:45)&#13;
	at java.base/java.lang.reflect.Method.invoke(Method.java:568)&#13;
	at java.base/java.util.ArrayList.forEach(ArrayList.java:1511)&#13;
	at java.base/java.util.ArrayList.forEach(ArrayList.java:1511)&#13;
&#13;
</failure>
    </testcase>
  </testsuite>
</testrun>
